
**** Build of configuration Debug for project concrete ****

make all 
Building file: ../src/concrete.c
Invoking: GCC C Compiler
gcc -O0 -g3 -Wall -c -fmessage-length=0 -MMD -MP -MF"src/concrete.d" -MT"src/concrete.d" -o "src/concrete.o" "../src/concrete.c"
Finished building: ../src/concrete.c
 
Building file: ../src/ladder.c
Invoking: GCC C Compiler
gcc -O0 -g3 -Wall -c -fmessage-length=0 -MMD -MP -MF"src/ladder.d" -MT"src/ladder.d" -o "src/ladder.o" "../src/ladder.c"
Finished building: ../src/ladder.c
 
Building target: concrete
Invoking: GCC C Linker
gcc  -o "concrete"  ./src/concrete.o ./src/ladder.o   
Finished building target: concrete
 

**** Build Finished ****

**** Build of configuration Debug for project concrete ****

make all 
make: Nothing to be done for `all'.

**** Build Finished ****

**** Build of configuration Debug for project concrete ****

make all 
make: Nothing to be done for `all'.

**** Build Finished ****

**** Clean-only build of configuration Debug for project concrete ****

make clean 
rm -rf  ./src/concrete.o ./src/ladder.o  ./src/concrete.d ./src/ladder.d  concrete
 

**** Build Finished ****

**** Build of configuration Debug for project concrete ****

make all 
Building file: ../src/concrete.c
Invoking: GCC C Compiler
gcc -O0 -g3 -Wall -c -fmessage-length=0 -MMD -MP -MF"src/concrete.d" -MT"src/concrete.d" -o "src/concrete.o" "../src/concrete.c"
Finished building: ../src/concrete.c
 
Building file: ../src/ladder.c
Invoking: GCC C Compiler
gcc -O0 -g3 -Wall -c -fmessage-length=0 -MMD -MP -MF"src/ladder.d" -MT"src/ladder.d" -o "src/ladder.o" "../src/ladder.c"
Finished building: ../src/ladder.c
 
Building target: concrete
Invoking: GCC C Linker
gcc  -o "concrete"  ./src/concrete.o ./src/ladder.o   
Finished building target: concrete
 

**** Build Finished ****

**** Build of configuration Debug for project concrete ****

make all 
make: Nothing to be done for `all'.

**** Build Finished ****

**** Build of configuration Debug for project concrete ****

make all 
make: Nothing to be done for `all'.

**** Build Finished ****

**** Build of configuration Debug for project concrete ****

make all 
make: Nothing to be done for `all'.

**** Build Finished ****

**** Build of configuration Debug for project concrete ****

make all 
make: Nothing to be done for `all'.

**** Build Finished ****

**** Build of configuration Debug for project concrete ****

make all 
make: Nothing to be done for `all'.

**** Build Finished ****

**** Build of configuration Debug for project concrete ****

make all 
Building file: ../src/ladder.c
Invoking: GCC C Compiler
gcc -O0 -g3 -Wall -c -fmessage-length=0 -MMD -MP -MF"src/ladder.d" -MT"src/ladder.d" -o "src/ladder.o" "../src/ladder.c"
Finished building: ../src/ladder.c
 
Building target: concrete
Invoking: GCC C Linker
gcc  -o "concrete"  ./src/concrete.o ./src/ladder.o   
Finished building target: concrete
 

**** Build Finished ****

**** Build of configuration Debug for project concrete ****

make all 
make: Nothing to be done for `all'.

**** Build Finished ****

**** Build of configuration Debug for project concrete ****

make all 
make: Nothing to be done for `all'.

**** Build Finished ****

**** Build of configuration Debug for project concrete ****

make all 
Building file: ../src/ladder.c
Invoking: GCC C Compiler
gcc -O0 -g3 -Wall -c -fmessage-length=0 -MMD -MP -MF"src/ladder.d" -MT"src/ladder.d" -o "src/ladder.o" "../src/ladder.c"
../src/ladder.c: In function ‘initialize’:
../src/ladder.c:12: warning: implicit declaration of function ‘printf’
../src/ladder.c:12: warning: incompatible implicit declaration of built-in function ‘printf’
../src/ladder.c:13: warning: implicit declaration of function ‘fflush’
../src/ladder.c:13: error: ‘stfout’ undeclared (first use in this function)
../src/ladder.c:13: error: (Each undeclared identifier is reported only once
../src/ladder.c:13: error: for each function it appears in.)
make: *** [src/ladder.o] Error 1

**** Build Finished ****

**** Build of configuration Debug for project concrete ****

make all 
Building file: ../src/ladder.c
Invoking: GCC C Compiler
gcc -O0 -g3 -Wall -c -fmessage-length=0 -MMD -MP -MF"src/ladder.d" -MT"src/ladder.d" -o "src/ladder.o" "../src/ladder.c"
../src/ladder.c: In function ‘initialize’:
../src/ladder.c:12: warning: implicit declaration of function ‘printf’
../src/ladder.c:12: warning: incompatible implicit declaration of built-in function ‘printf’
../src/ladder.c:13: warning: implicit declaration of function ‘fflush’
../src/ladder.c:13: error: ‘stfout’ undeclared (first use in this function)
../src/ladder.c:13: error: (Each undeclared identifier is reported only once
../src/ladder.c:13: error: for each function it appears in.)
make: *** [src/ladder.o] Error 1

**** Build Finished ****

**** Build of configuration Debug for project concrete ****

make all 
Building file: ../src/ladder.c
Invoking: GCC C Compiler
gcc -O0 -g3 -Wall -c -fmessage-length=0 -MMD -MP -MF"src/ladder.d" -MT"src/ladder.d" -o "src/ladder.o" "../src/ladder.c"
../src/ladder.c: In function ‘initialize’:
../src/ladder.c:12: warning: implicit declaration of function ‘printf’
../src/ladder.c:12: warning: incompatible implicit declaration of built-in function ‘printf’
../src/ladder.c:13: warning: implicit declaration of function ‘fflush’
../src/ladder.c:13: error: ‘stfout’ undeclared (first use in this function)
../src/ladder.c:13: error: (Each undeclared identifier is reported only once
../src/ladder.c:13: error: for each function it appears in.)
make: *** [src/ladder.o] Error 1

**** Build Finished ****

**** Build of configuration Debug for project concrete ****

make all 
Building file: ../src/ladder.c
Invoking: GCC C Compiler
gcc -O0 -g3 -Wall -c -fmessage-length=0 -MMD -MP -MF"src/ladder.d" -MT"src/ladder.d" -o "src/ladder.o" "../src/ladder.c"
../src/ladder.c: In function ‘initialize’:
../src/ladder.c:12: warning: implicit declaration of function ‘printf’
../src/ladder.c:12: warning: incompatible implicit declaration of built-in function ‘printf’
../src/ladder.c:13: warning: implicit declaration of function ‘fflush’
../src/ladder.c:13: error: ‘stdout’ undeclared (first use in this function)
../src/ladder.c:13: error: (Each undeclared identifier is reported only once
../src/ladder.c:13: error: for each function it appears in.)
make: *** [src/ladder.o] Error 1

**** Build Finished ****

**** Build of configuration Debug for project concrete ****

make all 
Building file: ../src/ladder.c
Invoking: GCC C Compiler
gcc -O0 -g3 -Wall -c -fmessage-length=0 -MMD -MP -MF"src/ladder.d" -MT"src/ladder.d" -o "src/ladder.o" "../src/ladder.c"
Finished building: ../src/ladder.c
 
Building target: concrete
Invoking: GCC C Linker
gcc  -o "concrete"  ./src/concrete.o ./src/ladder.o   
Finished building target: concrete
 

**** Build Finished ****

**** Build of configuration Debug for project concrete ****

make all 
make: Nothing to be done for `all'.

**** Build Finished ****

**** Build of configuration Debug for project concrete ****

make all 
Building file: ../src/ladder.c
Invoking: GCC C Compiler
gcc -O0 -g3 -Wall -c -fmessage-length=0 -MMD -MP -MF"src/ladder.d" -MT"src/ladder.d" -o "src/ladder.o" "../src/ladder.c"
Finished building: ../src/ladder.c
 
Building target: concrete
Invoking: GCC C Linker
gcc  -o "concrete"  ./src/concrete.o ./src/ladder.o   
Finished building target: concrete
 

**** Build Finished ****

**** Build of configuration Debug for project concrete ****

make all 
Building file: ../src/ladder.c
Invoking: GCC C Compiler
gcc -O0 -g3 -Wall -c -fmessage-length=0 -MMD -MP -MF"src/ladder.d" -MT"src/ladder.d" -o "src/ladder.o" "../src/ladder.c"
Finished building: ../src/ladder.c
 
Building target: concrete
Invoking: GCC C Linker
gcc  -o "concrete"  ./src/concrete.o ./src/ladder.o   
Finished building target: concrete
 

**** Build Finished ****

**** Build of configuration Debug for project concrete ****

make all 
make: Nothing to be done for `all'.

**** Build Finished ****

**** Build of configuration Debug for project concrete ****

make all 
Building file: ../src/ladder.c
Invoking: GCC C Compiler
gcc -O0 -g3 -Wall -c -fmessage-length=0 -MMD -MP -MF"src/ladder.d" -MT"src/ladder.d" -o "src/ladder.o" "../src/ladder.c"
Finished building: ../src/ladder.c
 
Building target: concrete
Invoking: GCC C Linker
gcc  -o "concrete"  ./src/concrete.o ./src/ladder.o   
Finished building target: concrete
 

**** Build Finished ****

**** Build of configuration Debug for project concrete ****

make all 
Building file: ../src/ladder.c
Invoking: GCC C Compiler
gcc -O0 -g3 -Wall -c -fmessage-length=0 -MMD -MP -MF"src/ladder.d" -MT"src/ladder.d" -o "src/ladder.o" "../src/ladder.c"
../src/ladder.c: In function ‘initialize’:
../src/ladder.c:11: warning: passing argument 1 of ‘populate’ from incompatible pointer type
../src/ladder.h:32: note: expected ‘char **’ but argument is of type ‘char *’
../src/ladder.c:13: warning: passing argument 2 of ‘trivial_sort’ from incompatible pointer type
../src/ladder.h:30: note: expected ‘char **’ but argument is of type ‘char *’
../src/ladder.c:16: warning: passing argument 1 of ‘ll_link’ from incompatible pointer type
../src/ladder.h:36: note: expected ‘char **’ but argument is of type ‘char *’
../src/ladder.c: At top level:
../src/ladder.c:20: error: conflicting types for ‘trivial_sort’
../src/ladder.h:30: note: previous declaration of ‘trivial_sort’ was here
../src/ladder.c: In function ‘trivial_sort’:
../src/ladder.c:33: warning: assignment makes pointer from integer without a cast
../src/ladder.c:37: warning: passing argument 2 of ‘shift_after’ from incompatible pointer type
../src/ladder.h:34: note: expected ‘char **’ but argument is of type ‘char *’
../src/ladder.c: At top level:
../src/ladder.c:47: error: conflicting types for ‘populate’
../src/ladder.h:32: note: previous declaration of ‘populate’ was here
../src/ladder.c: In function ‘populate’:
../src/ladder.c:53: warning: assignment makes integer from pointer without a cast
../src/ladder.c: At top level:
../src/ladder.c:59: error: conflicting types for ‘shift_after’
../src/ladder.h:34: note: previous declaration of ‘shift_after’ was here
../src/ladder.c:76: error: conflicting types for ‘ll_link’
../src/ladder.h:36: note: previous declaration of ‘ll_link’ was here
../src/ladder.c: In function ‘ll_link’:
../src/ladder.c:83: warning: passing argument 1 of ‘strcmp’ makes pointer from integer without a cast
/usr/include/string.h:143: note: expected ‘const char *’ but argument is of type ‘char’
../src/ladder.c:86: warning: assignment makes pointer from integer without a cast
make: *** [src/ladder.o] Error 1

**** Build Finished ****

**** Build of configuration Debug for project concrete ****

make all 
Building file: ../src/concrete.c
Invoking: GCC C Compiler
gcc -O0 -g3 -Wall -c -fmessage-length=0 -MMD -MP -MF"src/concrete.d" -MT"src/concrete.d" -o "src/concrete.o" "../src/concrete.c"
Finished building: ../src/concrete.c
 
Building file: ../src/ladder.c
Invoking: GCC C Compiler
gcc -O0 -g3 -Wall -c -fmessage-length=0 -MMD -MP -MF"src/ladder.d" -MT"src/ladder.d" -o "src/ladder.o" "../src/ladder.c"
../src/ladder.c: In function ‘trivial_sort’:
../src/ladder.c:33: warning: assignment makes pointer from integer without a cast
../src/ladder.c: In function ‘populate’:
../src/ladder.c:53: warning: assignment makes integer from pointer without a cast
../src/ladder.c: In function ‘ll_link’:
../src/ladder.c:83: warning: passing argument 1 of ‘strcmp’ makes pointer from integer without a cast
/usr/include/string.h:143: note: expected ‘const char *’ but argument is of type ‘char’
../src/ladder.c:86: warning: assignment makes pointer from integer without a cast
Finished building: ../src/ladder.c
 
Building target: concrete
Invoking: GCC C Linker
gcc  -o "concrete"  ./src/concrete.o ./src/ladder.o   
Finished building target: concrete
 

**** Build Finished ****

**** Build of configuration Debug for project concrete ****

make all 
Building file: ../src/ladder.c
Invoking: GCC C Compiler
gcc -O0 -g3 -Wall -c -fmessage-length=0 -MMD -MP -MF"src/ladder.d" -MT"src/ladder.d" -o "src/ladder.o" "../src/ladder.c"
../src/ladder.c: In function ‘trivial_sort’:
../src/ladder.c:35: warning: passing argument 1 of ‘strcmp’ makes pointer from integer without a cast
/usr/include/string.h:143: note: expected ‘const char *’ but argument is of type ‘char’
Finished building: ../src/ladder.c
 
Building target: concrete
Invoking: GCC C Linker
gcc  -o "concrete"  ./src/concrete.o ./src/ladder.o   
../src/ladder.c: In function ‘populate’:
../src/ladder.c:53: warning: assignment makes integer from pointer without a cast
Finished building target: concrete
 

**** Build Finished ****

**** Build of configuration Debug for project concrete ****

make all 
Building file: ../src/concrete.c
Invoking: GCC C Compiler
gcc -O0 -g3 -Wall -c -fmessage-length=0 -MMD -MP -MF"src/concrete.d" -MT"src/concrete.d" -o "src/concrete.o" "../src/concrete.c"
Finished building: ../src/concrete.c
 
Building file: ../src/ladder.c
Invoking: GCC C Compiler
gcc -O0 -g3 -Wall -c -fmessage-length=0 -MMD -MP -MF"src/ladder.d" -MT"src/ladder.d" -o "src/ladder.o" "../src/ladder.c"
Finished building: ../src/ladder.c
 
Building target: concrete
Invoking: GCC C Linker
gcc  -o "concrete"  ./src/concrete.o ./src/ladder.o   
Finished building target: concrete
 

**** Build Finished ****

**** Build of configuration Debug for project concrete ****

make all 
Building file: ../src/ladder.c
Invoking: GCC C Compiler
gcc -O0 -g3 -Wall -c -fmessage-length=0 -MMD -MP -MF"src/ladder.d" -MT"src/ladder.d" -o "src/ladder.o" "../src/ladder.c"
../src/ladder.c: In function ‘trivial_sort’:
../src/ladder.c:41: warning: passing argument 3 of ‘memmove’ makes integer from pointer without a cast
/usr/include/string.h:49: note: expected ‘size_t’ but argument is of type ‘char *’
Finished building: ../src/ladder.c
 
Building target: concrete
Invoking: GCC C Linker
gcc  -o "concrete"  ./src/concrete.o ./src/ladder.o   
Finished building target: concrete
 

**** Build Finished ****

**** Build of configuration Debug for project concrete ****

make all 
Building file: ../src/ladder.c
Invoking: GCC C Compiler
gcc -O0 -g3 -Wall -c -fmessage-length=0 -MMD -MP -MF"src/ladder.d" -MT"src/ladder.d" -o "src/ladder.o" "../src/ladder.c"
Finished building: ../src/ladder.c
 
Building target: concrete
Invoking: GCC C Linker
gcc  -o "concrete"  ./src/concrete.o ./src/ladder.o   
Finished building target: concrete
 

**** Build Finished ****

**** Build of configuration Debug for project concrete ****

make all 
make: Nothing to be done for `all'.

**** Build Finished ****

**** Build of configuration Debug for project concrete ****

make all 
make: Nothing to be done for `all'.

**** Build Finished ****

**** Build of configuration Debug for project concrete ****

make all 
Building file: ../src/ladder.c
Invoking: GCC C Compiler
gcc -O0 -g3 -Wall -c -fmessage-length=0 -MMD -MP -MF"src/ladder.d" -MT"src/ladder.d" -o "src/ladder.o" "../src/ladder.c"
Finished building: ../src/ladder.c
 
Building target: concrete
Invoking: GCC C Linker
gcc  -o "concrete"  ./src/concrete.o ./src/ladder.o   
Finished building target: concrete
 

**** Build Finished ****

**** Build of configuration Debug for project concrete ****

make all 
Building file: ../src/ladder.c
Invoking: GCC C Compiler
gcc -O0 -g3 -Wall -c -fmessage-length=0 -MMD -MP -MF"src/ladder.d" -MT"src/ladder.d" -o "src/ladder.o" "../src/ladder.c"
Finished building: ../src/ladder.c
 
Building target: concrete
Invoking: GCC C Linker
gcc  -o "concrete"  ./src/concrete.o ./src/ladder.o   
Finished building target: concrete
 

**** Build Finished ****

**** Build of configuration Debug for project concrete ****

make all 
Building file: ../src/ladder.c
Invoking: GCC C Compiler
gcc -O0 -g3 -Wall -c -fmessage-length=0 -MMD -MP -MF"src/ladder.d" -MT"src/ladder.d" -o "src/ladder.o" "../src/ladder.c"
Finished building: ../src/ladder.c
 
Building target: concrete
Invoking: GCC C Linker
gcc  -o "concrete"  ./src/concrete.o ./src/ladder.o   
Finished building target: concrete
 

**** Build Finished ****

**** Build of configuration Debug for project concrete ****

make all 
Building file: ../src/ladder.c
Invoking: GCC C Compiler
gcc -O0 -g3 -Wall -c -fmessage-length=0 -MMD -MP -MF"src/ladder.d" -MT"src/ladder.d" -o "src/ladder.o" "../src/ladder.c"
Finished building: ../src/ladder.c
 
Building target: concrete
Invoking: GCC C Linker
gcc  -o "concrete"  ./src/concrete.o ./src/ladder.o   
Finished building target: concrete
 

**** Build Finished ****
